Using pre-set license
Built from '2020.2/staging' branch; Version is '2020.2.7f1 (c53830e277f1) revision 12924976'; Using compiler version '192528614'; Build Type 'Release'
OS: 'Windows 10 Home; OS build 19041.985; Version 2004; 64bit' Language: 'en' Physical Memory: 32682 MB
BatchMode: 1, IsHumanControllingUs: 0, StartBugReporterOnCrash: 0, Is64bit: 1, IsPro: 0

 COMMAND LINE ARGUMENTS:
C:\Program Files\Unity\2020.2.7f1\Editor\Unity.exe
-adb2
-batchMode
-noUpm
-name
AssetImportWorker0
-projectPath
C:/Users/Dan/Documents/Unity Projects/ProjectFBSL/FBSL
-logFile
Logs/AssetImportWorker0.log
-srvPort
53758
Successfully changed project path to: C:/Users/Dan/Documents/Unity Projects/ProjectFBSL/FBSL
C:/Users/Dan/Documents/Unity Projects/ProjectFBSL/FBSL
Using Asset Import Pipeline V2.
Refreshing native plugins compatible for Editor in 16.55 ms, found 0 plugins.
Preloading 0 native plugins for Editor in 0.00 ms.
Initialize engine version: 2020.2.7f1 (c53830e277f1)
[Subsystems] Discovering subsystems at path C:/Program Files/Unity/2020.2.7f1/Editor/Data/Resources/UnitySubsystems
[Subsystems] Discovering subsystems at path C:/Users/Dan/Documents/Unity Projects/ProjectFBSL/FBSL/Assets
GfxDevice: creating device client; threaded=0
Direct3D:
    Version:  Direct3D 11.0 [level 11.1]
    Renderer: NVIDIA GeForce RTX 2070 SUPER (ID=0x1e84)
    Vendor:   
    VRAM:     8011 MB
    Driver:   27.21.14.5671
Initialize mono
Mono path[0] = 'C:/Program Files/Unity/2020.2.7f1/Editor/Data/Managed'
Mono path[1] = 'C:/Program Files/Unity/2020.2.7f1/Editor/Data/MonoBleedingEdge/lib/mono/unityjit'
Mono config path = 'C:/Program Files/Unity/2020.2.7f1/Editor/Data/MonoBleedingEdge/etc'
Using monoOptions --debugger-agent=transport=dt_socket,embedding=1,server=y,suspend=n,address=127.0.0.1:56120
Begin MonoManager ReloadAssembly
Registering precompiled unity dll's ...
Register platform support module: C:/Program Files/Unity/2020.2.7f1/Editor/Data/PlaybackEngines/WindowsStandaloneSupport/UnityEditor.WindowsStandalone.Extensions.dll
Registered in 0.001655 seconds.
Native extension for WindowsStandalone target not found
Refreshing native plugins compatible for Editor in 17.50 ms, found 0 plugins.
Preloading 0 native plugins for Editor in 0.00 ms.
Invoked RoslynAnalysisRunner static constructor.
RoslynAnalysisRunner will not be running.
RoslynAnalysisRunner has terminated.
Mono: successfully reloaded assembly
- Completed reload, in  1.580 seconds
Platform modules already initialized, skipping
Registering precompiled user dll's ...
Registered in 0.000598 seconds.
Begin MonoManager ReloadAssembly
Native extension for WindowsStandalone target not found
Refreshing native plugins compatible for Editor in 0.16 ms, found 0 plugins.
Preloading 0 native plugins for Editor in 0.00 ms.
Invoked RoslynAnalysisRunner static constructor.
RoslynAnalysisRunner will not be running.
RoslynAnalysisRunner has terminated.
Mono: successfully reloaded assembly
- Completed reload, in  0.594 seconds
Platform modules already initialized, skipping
========================================================================
Worker process is ready to serve import requests
Launched and connected shader compiler UnityShaderCompiler.exe after 0.03 seconds
Refreshing native plugins compatible for Editor in 0.15 ms, found 0 plugins.
Preloading 0 native plugins for Editor in 0.00 ms.
Unloading 1113 Unused Serialized files (Serialized files now loaded: 0)
System memory in use before: 56.9 MB.
System memory in use after: 56.9 MB.

Unloading 10 unused Assets to reduce memory usage. Loaded Objects now: 1555.
Total: 1.137400 ms (FindLiveObjects: 0.091100 ms CreateObjectMapping: 0.029800 ms MarkObjects: 0.959200 ms  DeleteObjects: 0.056600 ms)

========================================================================
Received Import Request.
  path: Assets
  artifactKey: Guid(00000000000000001000000000000000) Importer(815301076,1909f56bfc062723c751e8b465ee728b)
Start importing Assets using Guid(00000000000000001000000000000000) Importer(815301076,1909f56bfc062723c751e8b465ee728b)  -> (artifact id: 'f89434ac489deb914593f829e0a47671') in 0.005821 seconds
  Import took 0.008743 seconds .

========================================================================
Received Import Request.
  Time since last request: 0.823975 seconds.
  path: Assets/Scripts
  artifactKey: Guid(ee80a36d8aeac85498c2a96723378f9d) Importer(815301076,1909f56bfc062723c751e8b465ee728b)
Start importing Assets/Scripts using Guid(ee80a36d8aeac85498c2a96723378f9d) Importer(815301076,1909f56bfc062723c751e8b465ee728b)  -> (artifact id: '6014e0ddc1e8652899ac58a8d7db3ae1') in 0.004915 seconds
  Import took 0.006579 seconds .

========================================================================
Received Import Request.
  Time since last request: 21.985399 seconds.
  path: Assets/Art
  artifactKey: Guid(0d0e1aef388ddce418b0c8d94db5b326) Importer(815301076,1909f56bfc062723c751e8b465ee728b)
Start importing Assets/Art using Guid(0d0e1aef388ddce418b0c8d94db5b326) Importer(815301076,1909f56bfc062723c751e8b465ee728b)  -> (artifact id: 'b203c1f8adb2c313b7396c4125adf16f') in 0.004917 seconds
  Import took 0.006568 seconds .

========================================================================
Received Import Request.
  Time since last request: 3.900533 seconds.
  path: Assets/Audio
  artifactKey: Guid(74084ea3aa936474fb32f21a7f89fb86) Importer(815301076,1909f56bfc062723c751e8b465ee728b)
Start importing Assets/Audio using Guid(74084ea3aa936474fb32f21a7f89fb86) Importer(815301076,1909f56bfc062723c751e8b465ee728b)  -> (artifact id: '7db4fee60ce5ab5c376896f900d040eb') in 0.002384 seconds
  Import took 0.004177 seconds .

========================================================================
Received Import Request.
  Time since last request: 27.671434 seconds.
  path: Assets/Assets
  artifactKey: Guid(a72eea6491b8855439a94909c60e1fb1) Importer(815301076,1909f56bfc062723c751e8b465ee728b)
Start importing Assets/Assets using Guid(a72eea6491b8855439a94909c60e1fb1) Importer(815301076,1909f56bfc062723c751e8b465ee728b)  -> (artifact id: '6ef364c74ab5fdb2effec29cd9db0f7c') in 0.001695 seconds
  Import took 0.003431 seconds .

========================================================================
Received Import Request.
  Time since last request: 18.852655 seconds.
  path: Assets/Assets/Scenes
  artifactKey: Guid(394d949399497bd43a336e3d3d58341f) Importer(815301076,1909f56bfc062723c751e8b465ee728b)
Start importing Assets/Assets/Scenes using Guid(394d949399497bd43a336e3d3d58341f) Importer(815301076,1909f56bfc062723c751e8b465ee728b)  -> (artifact id: 'cfbf0fbde96ce6996e777f663d03b4c0') in 0.005501 seconds
  Import took 0.015774 seconds .

========================================================================
Received Import Request.
  Time since last request: 17.182006 seconds.
  path: Assets/Scenes/SampleScene.unity
  artifactKey: Guid(9fc0d4010bbf28b4594072e72b8655ab) Importer(815301076,1909f56bfc062723c751e8b465ee728b)
Start importing Assets/Scenes/SampleScene.unity using Guid(9fc0d4010bbf28b4594072e72b8655ab) Importer(815301076,1909f56bfc062723c751e8b465ee728b)  -> (artifact id: '25d8bf7160abbdc8e8993c728c981270') in 0.010074 seconds
  Import took 0.011565 seconds .

========================================================================
Received Import Request.
  Time since last request: 6.428512 seconds.
  path: Assets/Scenes/MainScene
  artifactKey: Guid(cc50e64496f0e0d44b1154e1f701820c) Importer(815301076,1909f56bfc062723c751e8b465ee728b)
Start importing Assets/Scenes/MainScene using Guid(cc50e64496f0e0d44b1154e1f701820c) Importer(815301076,1909f56bfc062723c751e8b465ee728b)  -> (artifact id: '933a8f7a288401f50ba45f9f5ea00626') in 0.005314 seconds
  Import took 0.006828 seconds .

========================================================================
Received Import Request.
  Time since last request: 43.712007 seconds.
  path: Assets/Scripts/Character
  artifactKey: Guid(24e1596aa3912104687e7b2272c6429e) Importer(815301076,1909f56bfc062723c751e8b465ee728b)
Start importing Assets/Scripts/Character using Guid(24e1596aa3912104687e7b2272c6429e) Importer(815301076,1909f56bfc062723c751e8b465ee728b)  -> (artifact id: '6ee3c1996e6efe94ee0568f05bbfee4d') in 0.004790 seconds
  Import took 0.006169 seconds .

========================================================================
Received Import Request.
  Time since last request: 5.825005 seconds.
  path: Assets/Scripts/Combat
  artifactKey: Guid(b9b91da6f7fa4e2459c4ca3a91f8f669) Importer(815301076,1909f56bfc062723c751e8b465ee728b)
Start importing Assets/Scripts/Combat using Guid(b9b91da6f7fa4e2459c4ca3a91f8f669) Importer(815301076,1909f56bfc062723c751e8b465ee728b)  -> (artifact id: 'ab0558fb0a1ce1ae3b65f3ccaaf81f25') in 0.005113 seconds
  Import took 0.006454 seconds .

========================================================================
Received Import Request.
  Time since last request: 38.456004 seconds.
  path: Assets/Scenes/MainScene/MainScene.unity
  artifactKey: Guid(9fc0d4010bbf28b4594072e72b8655ab) Importer(815301076,1909f56bfc062723c751e8b465ee728b)
Start importing Assets/Scenes/MainScene/MainScene.unity using Guid(9fc0d4010bbf28b4594072e72b8655ab) Importer(815301076,1909f56bfc062723c751e8b465ee728b)  -> (artifact id: '8fb46f40c4f6073c19fe73347c15da51') in 0.005591 seconds
  Import took 0.007267 seconds .

